<?xml version="1.0" encoding="UTF-8"?>
<testsuite name="SILab2Test" tests="1" skipped="0" failures="0" errors="0" timestamp="2023-05-31T13:00:03" hostname="PETARLAPTOP" time="0.019">
  <properties/>
  <testcase name="multipleConditionTest()" classname="SILab2Test" time="0.019"/>
  <system-out><![CDATA[]]></system-out>
  <system-err><![CDATA[]]></system-err>
</testsuite>
